<?xml version="1.0" encoding="UTF-8"?>
<!-- Generated by org.testng.reporters.JUnitXMLReporter -->
<testsuite ignored="0" hostname="LAPTOP-FA7T866P" failures="1" tests="27" name="Default test" time="80.677" errors="0" timestamp="2022-10-11T18:02:27 IST">
  <testcase classname="core.Tests.IDPH.AdperPortal" name="load_ADPER_Portal" time="13.776"/>
  <testcase classname="core.Tests.IDPH.AdperPortal" name="VerifyHomePageLinks" time="1.167"/>
  <testcase classname="core.Tests.IDPH.AdperPortal" name="VerifyIsDisplayedLeftSideLinks" time="0.228"/>
  <testcase classname="core.Tests.IDPH.AdperPortal" name="VerifyIsDisplayedHomePageText" time="2.314"/>
  <testcase classname="core.Tests.IDPH.AdperPortal" name="VerifyIDPHRegulatoryTab" time="7.446"/>
  <testcase classname="core.Tests.IDPH.AdperPortal" name="VerifyPublicSearchClick" time="2.589"/>
  <testcase classname="core.Tests.IDPH.AdperPortal" name="VerifyIsDisplayedPublicSearchFields" time="1.989"/>
  <testcase classname="core.Tests.IDPH.AdperPortal" name="VerifyWithoutInputSearch" time="0.334"/>
  <testcase classname="core.Tests.IDPH.AdperPortal" name="VerifyValidPublicSearch" time="3.05"/>
  <testcase classname="core.Tests.IDPH.AdperPortal" name="VerifySearchResultsExport" time="0.743"/>
  <testcase classname="core.Tests.IDPH.AdperPortal" name="VerifyPublicDetails" time="6.228"/>
  <testcase classname="core.Tests.IDPH.AdperPortal" name="VerifyPublicDetailsBackButtonNav" time="8.032"/>
  <testcase classname="core.Tests.IDPH.AdperPortal" name="VerifyResetButton" time="0.109"/>
  <testcase classname="core.Tests.IDPH.AdperPortal" name="VerifyInvalidSearch" time="3.216"/>
  <testcase classname="core.Tests.IDPH.AdperPortal" name="VerifySecondInvalidSearch" time="0.435"/>
  <testcase classname="core.Tests.IDPH.AdperPortal" name="VerifyCourseSearchButtons" time="0.464"/>
  <testcase classname="core.Tests.IDPH.AdperPortal" name="VerifyCourseSearchDropdowns" time="0.546"/>
  <testcase classname="core.Tests.IDPH.AdperPortal" name="VerifyIsDisplayedCourseSearchProgram" time="0.84"/>
  <testcase classname="core.Tests.IDPH.AdperPortal" name="VerifyWithoutInputCourseSearch" time="0.534"/>
  <testcase classname="core.Tests.IDPH.AdperPortal" name="VerifyValidCourseSearch" time="2.879">
    <failure type="java.lang.AssertionError" message="expected [1 event(s) returned.] but found [0 event(s) returned.]">
      <![CDATA[java.lang.AssertionError: expected [1 event(s) returned.] but found [0 event(s) returned.]
at org.testng.Assert.fail(Assert.java:99)
at org.testng.Assert.failNotEquals(Assert.java:1037)
at org.testng.Assert.assertEqualsImpl(Assert.java:140)
at org.testng.Assert.assertEquals(Assert.java:122)
at org.testng.Assert.assertEquals(Assert.java:629)
at org.testng.Assert.assertEquals(Assert.java:639)
at pages.CourseSearchPage.Assert_SearchResults(CourseSearchPage.java:126)
at core.Tests.IDPH.AdperPortal.VerifyValidCourseSearch(AdperPortal.java:251)
at java.base/jdk.internal.reflect.NativeMethodAccessorImpl.invoke0(Native Method)
at java.base/jdk.internal.reflect.NativeMethodAccessorImpl.invoke(NativeMethodAccessorImpl.java:77)
at java.base/jdk.internal.reflect.DelegatingMethodAccessorImpl.invoke(DelegatingMethodAccessorImpl.java:43)
at java.base/java.lang.reflect.Method.invoke(Method.java:568)
at org.testng.internal.MethodInvocationHelper.invokeMethod(MethodInvocationHelper.java:133)
at org.testng.internal.TestInvoker.invokeMethod(TestInvoker.java:598)
at org.testng.internal.TestInvoker.invokeTestMethod(TestInvoker.java:173)
at org.testng.internal.MethodRunner.runInSequence(MethodRunner.java:46)
at org.testng.internal.TestInvoker$MethodInvocationAgent.invoke(TestInvoker.java:824)
at org.testng.internal.TestInvoker.invokeTestMethods(TestInvoker.java:146)
at org.testng.internal.TestMethodWorker.invokeTestMethods(TestMethodWorker.java:146)
at org.testng.internal.TestMethodWorker.run(TestMethodWorker.java:128)
at java.base/java.util.ArrayList.forEach(ArrayList.java:1511)
at org.testng.TestRunner.privateRun(TestRunner.java:794)
at org.testng.TestRunner.run(TestRunner.java:596)
at org.testng.SuiteRunner.runTest(SuiteRunner.java:377)
at org.testng.SuiteRunner.runSequentially(SuiteRunner.java:371)
at org.testng.SuiteRunner.privateRun(SuiteRunner.java:332)
at org.testng.SuiteRunner.run(SuiteRunner.java:276)
at org.testng.SuiteRunnerWorker.runSuite(SuiteRunnerWorker.java:53)
at org.testng.SuiteRunnerWorker.run(SuiteRunnerWorker.java:96)
at org.testng.TestNG.runSuitesSequentially(TestNG.java:1212)
at org.testng.TestNG.runSuitesLocally(TestNG.java:1134)
at org.testng.TestNG.runSuites(TestNG.java:1063)
at org.testng.TestNG.run(TestNG.java:1031)
at org.testng.remote.AbstractRemoteTestNG.run(AbstractRemoteTestNG.java:115)
at org.testng.remote.RemoteTestNG.initAndRun(RemoteTestNG.java:251)
at org.testng.remote.RemoteTestNG.main(RemoteTestNG.java:77)
]]>
    </failure>
  </testcase> <!-- VerifyValidCourseSearch -->
  <testcase classname="core.Tests.IDPH.AdperPortal" name="VerifyEventsReturns" time="1.243"/>
  <testcase classname="core.Tests.IDPH.AdperPortal" name="VerifyCourseSearchExportbutton" time="0.243"/>
  <testcase classname="core.Tests.IDPH.AdperPortal" name="VerifyCourseSearchReset" time="0.209"/>
  <testcase classname="core.Tests.IDPH.AdperPortal" name="VerifyCourseSearchReturn" time="3.008"/>
  <testcase classname="core.Tests.IDPH.AdperPortal" name="VerifySignInPage" time="0.765"/>
  <testcase classname="core.Tests.IDPH.AdperPortal" name="ADPER_InvalidLoginCredentials" time="3.107"/>
  <testcase classname="core.Tests.IDPH.AdperPortal" name="ADPER_ValidLoginCredentials" time="3.736"/>
</testsuite> <!-- Default test -->
