<?xml version="1.0" encoding="UTF-8"?>
<!-- Generated by org.testng.reporters.JUnitReportReporter -->
<testsuite hostname="LAPTOP-FA7T866P" failures="2" tests="50" name="core.Tests.IDPH.ApplyForProgram" time="107.521" errors="2" timestamp="2022-10-03T17:06:24 IST" skipped="10">
  <testcase classname="core.Tests.IDPH.ApplyForProgram" name="load_ADPER_Portal" time="13.016"/>
  <system-out/>
  <testcase classname="core.Tests.IDPH.ApplyForProgram" name="ADPER_ValidLoginCredentials" time="5.042"/>
  <system-out/>
  <testcase classname="core.Tests.IDPH.ApplyForProgram" name="ApplyForProgramNavigation" time="0.323"/>
  <system-out/>
  <testcase classname="core.Tests.IDPH.ApplyForProgram" name="ApplyForProgramDisplayFields" time="0.680"/>
  <system-out/>
  <testcase classname="core.Tests.IDPH.ApplyForProgram" name="ApplyForProgramCancel" time="0.378"/>
  <system-out/>
  <testcase classname="core.Tests.IDPH.ApplyForProgram" name="WithoutValuesApplyforProgram" time="0.436"/>
  <system-out/>
  <testcase classname="core.Tests.IDPH.ApplyForProgram" name="VerifyProgramDropdownValues" time="0.513"/>
  <system-out/>
  <testcase classname="core.Tests.IDPH.ApplyForProgram" name="WithoutProgramDetailApplyforProgram" time="0.678"/>
  <system-out/>
  <testcase classname="core.Tests.IDPH.ApplyForProgram" name="VerifyBackFlowProgramDetailsDropdownValues" time="0.464"/>
  <system-out/>
  <testcase classname="core.Tests.IDPH.ApplyForProgram" name="ApplyforProgramPopup" time="0.445"/>
  <system-out/>
  <testcase classname="core.Tests.IDPH.ApplyForProgram" name="ApplyforProgramPopupCancelbutton" time="0.406"/>
  <system-out/>
  <testcase classname="core.Tests.IDPH.ApplyForProgram" name="ApplyforProgramPopupOKbutton" time="1.686"/>
  <system-out/>
  <testcase classname="core.Tests.IDPH.ApplyForProgram" name="VerifyInCompleteApplyProgramDropdownValues" time="4.939"/>
  <system-out/>
  <testcase classname="core.Tests.IDPH.ApplyForProgram" name="ApplyForProgramEdit" time="1.891"/>
  <system-out/>
  <testcase classname="core.Tests.IDPH.ApplyForProgram" name="ApplicationFormDisplayFields" time="0.746"/>
  <system-out/>
  <testcase classname="core.Tests.IDPH.ApplyForProgram" name="ApplicationFormProgramType" time="0.110"/>
  <system-out/>
  <testcase classname="core.Tests.IDPH.ApplyForProgram" name="BackflowTesterAffirmations" time="1.553"/>
  <system-out/>
  <testcase classname="core.Tests.IDPH.ApplyForProgram" name="BackflowTester_Affirmations_RequiredFields" time="1.040"/>
  <system-out/>
  <testcase classname="core.Tests.IDPH.ApplyForProgram" name="BackflowTester_Affirmations_YES" time="4.785"/>
  <system-out/>
  <testcase classname="core.Tests.IDPH.ApplyForProgram" name="BackflowTesterThirdPartyCertification" time="1.103"/>
  <system-out/>
  <testcase classname="core.Tests.IDPH.ApplyForProgram" name="BackflowTester_ThirdPartyCertification_RequiredFields" time="0.240"/>
  <system-out/>
  <testcase classname="core.Tests.IDPH.ApplyForProgram" name="BackflowTester_ThridPartyCertification_YES" time="4.448"/>
  <system-out/>
  <testcase classname="core.Tests.IDPH.ApplyForProgram" name="ThridPartyCertification_ExpirationDate" time="2.333"/>
  <system-out/>
  <testcase classname="core.Tests.IDPH.ApplyForProgram" name="BackflowTesterOutOfStateCredentials" time="1.482"/>
  <system-out/>
  <testcase classname="core.Tests.IDPH.ApplyForProgram" name="BackflowTester_OutOfStateCredentials_RequiredFields" time="0.299"/>
  <system-out/>
  <testcase classname="core.Tests.IDPH.ApplyForProgram" name="BackflowTester_OutOfStateCredentials_YES" time="4.392"/>
  <system-out/>
  <testcase classname="core.Tests.IDPH.ApplyForProgram" name="OutOfStateCredentials_ExpirationDate" time="2.082"/>
  <system-out/>
  <testcase classname="core.Tests.IDPH.ApplyForProgram" name="OutOfStateCredentials_InvalidCourseDate" time="2.508"/>
  <system-out/>
  <testcase classname="core.Tests.IDPH.ApplyForProgram" name="AttchmentDisplayFields" time="1.899"/>
  <system-out/>
  <testcase classname="core.Tests.IDPH.ApplyForProgram" name="UploadAttachmentsPopupMessage" time="1.235"/>
  <system-out/>
  <testcase classname="core.Tests.IDPH.ApplyForProgram" name="AttachmentsDelete" time="0.132"/>
  <system-out/>
  <testcase classname="core.Tests.IDPH.ApplyForProgram" name="UploadNewAttachments" time="8.749"/>
  <system-out/>
  <testcase classname="core.Tests.IDPH.ApplyForProgram" name="NavTermsAndConditions" time="4.580"/>
  <system-out/>
  <testcase classname="core.Tests.IDPH.ApplyForProgram" name="TermsAndConditionsText" time="0.861"/>
  <system-out/>
  <testcase classname="core.Tests.IDPH.ApplyForProgram" name="WithoutAgreeTerms" time="0.375"/>
  <system-out/>
  <testcase classname="core.Tests.IDPH.ApplyForProgram" name="ValidAgreeTerms" time="30.391">
    <error message="Expected condition failed: waiting for element to be clickable: By.xpath: //span[contains(text(),&#039;Ok&#039;)] (tried for 10 second(s) with 500 milliseconds interval)" type="org.openqa.selenium.TimeoutException">
      <![CDATA[org.openqa.selenium.TimeoutException: Expected condition failed: waiting for element to be clickable: By.xpath: //span[contains(text(),'Ok')] (tried for 10 second(s) with 500 milliseconds interval)
at org.openqa.selenium.support.ui.WebDriverWait.timeoutException(WebDriverWait.java:95)
at org.openqa.selenium.support.ui.FluentWait.until(FluentWait.java:272)
at pages.BasePage.waitVisibility(BasePage.java:76)
at pages.BasePage.click(BasePage.java:29)
at pages.ApplyProgramPage.ClickOk(ApplyProgramPage.java:181)
at core.Tests.IDPH.ApplyForProgram.ValidAgreeTerms(ApplyForProgram.java:494)
at java.base/jdk.internal.reflect.NativeMethodAccessorImpl.invoke0(Native Method)
at java.base/jdk.internal.reflect.NativeMethodAccessorImpl.invoke(NativeMethodAccessorImpl.java:77)
at java.base/jdk.internal.reflect.DelegatingMethodAccessorImpl.invoke(DelegatingMethodAccessorImpl.java:43)
at java.base/java.lang.reflect.Method.invoke(Method.java:568)
at org.testng.internal.MethodInvocationHelper.invokeMethod(MethodInvocationHelper.java:133)
at org.testng.internal.TestInvoker.invokeMethod(TestInvoker.java:598)
at org.testng.internal.TestInvoker.invokeTestMethod(TestInvoker.java:173)
at org.testng.internal.MethodRunner.runInSequence(MethodRunner.java:46)
at org.testng.internal.TestInvoker$MethodInvocationAgent.invoke(TestInvoker.java:824)
at org.testng.internal.TestInvoker.invokeTestMethods(TestInvoker.java:146)
at org.testng.internal.TestMethodWorker.invokeTestMethods(TestMethodWorker.java:146)
at org.testng.internal.TestMethodWorker.run(TestMethodWorker.java:128)
at java.base/java.util.ArrayList.forEach(ArrayList.java:1511)
at org.testng.TestRunner.privateRun(TestRunner.java:794)
at org.testng.TestRunner.run(TestRunner.java:596)
at org.testng.SuiteRunner.runTest(SuiteRunner.java:377)
at org.testng.SuiteRunner.runSequentially(SuiteRunner.java:371)
at org.testng.SuiteRunner.privateRun(SuiteRunner.java:332)
at org.testng.SuiteRunner.run(SuiteRunner.java:276)
at org.testng.SuiteRunnerWorker.runSuite(SuiteRunnerWorker.java:53)
at org.testng.SuiteRunnerWorker.run(SuiteRunnerWorker.java:96)
at org.testng.TestNG.runSuitesSequentially(TestNG.java:1212)
at org.testng.TestNG.runSuitesLocally(TestNG.java:1134)
at org.testng.TestNG.runSuites(TestNG.java:1063)
at org.testng.TestNG.run(TestNG.java:1031)
at org.testng.remote.AbstractRemoteTestNG.run(AbstractRemoteTestNG.java:115)
at org.testng.remote.RemoteTestNG.initAndRun(RemoteTestNG.java:251)
at org.testng.remote.RemoteTestNG.main(RemoteTestNG.java:77)
Caused by: org.openqa.selenium.NoSuchElementException: no such element: Unable to locate element: {"method":"xpath","selector":"//span[contains(text(),'Ok')]"}
  (Session info: chrome=105.0.5195.127)
For documentation on this error, please visit: https://www.seleniumhq.org/exceptions/no_such_element.html
Build info: version: '3.141.59', revision: 'e82be7d358', time: '2018-11-14T08:17:03'
System info: host: 'LAPTOP-FA7T866P', ip: '10.212.134.153', os.name: 'Windows 10', os.arch: 'amd64', os.version: '10.0', java.version: '17.0.1'
Driver info: org.openqa.selenium.chrome.ChromeDriver
Capabilities {acceptInsecureCerts: false, browserName: chrome, browserVersion: 105.0.5195.127, chrome: {chromedriverVersion: 105.0.5195.19 (b9c217c128c1..., userDataDir: C:\Users\LAUNCH~1\AppData\L...}, goog:chromeOptions: {debuggerAddress: localhost:62733}, javascriptEnabled: true, networkConnectionEnabled: false, pageLoadStrategy: normal, platform: WINDOWS, platformName: WINDOWS, proxy: Proxy(), setWindowRect: true, strictFileInteractability: false, timeouts: {implicit: 0, pageLoad: 300000, script: 30000}, unhandledPromptBehavior: dismiss and notify, webauthn:extension:credBlob: true, webauthn:extension:largeBlob: true, webauthn:virtualAuthenticators: true}
Session ID: 60a87834fd83edb8cc76ddff08d16016
*** Element info: {Using=xpath, value=//span[contains(text(),'Ok')]}
at java.base/jdk.internal.reflect.NativeConstructorAccessorImpl.newInstance0(Native Method)
at java.base/jdk.internal.reflect.NativeConstructorAccessorImpl.newInstance(NativeConstructorAccessorImpl.java:77)
at java.base/jdk.internal.reflect.DelegatingConstructorAccessorImpl.newInstance(DelegatingConstructorAccessorImpl.java:45)
at java.base/java.lang.reflect.Constructor.newInstanceWithCaller(Constructor.java:499)
at java.base/java.lang.reflect.Constructor.newInstance(Constructor.java:480)
at org.openqa.selenium.remote.http.W3CHttpResponseCodec.createException(W3CHttpResponseCodec.java:187)
at org.openqa.selenium.remote.http.W3CHttpResponseCodec.decode(W3CHttpResponseCodec.java:122)
at org.openqa.selenium.remote.http.W3CHttpResponseCodec.decode(W3CHttpResponseCodec.java:49)
at org.openqa.selenium.remote.HttpCommandExecutor.execute(HttpCommandExecutor.java:158)
at org.openqa.selenium.remote.service.DriverCommandExecutor.execute(DriverCommandExecutor.java:83)
at org.openqa.selenium.remote.RemoteWebDriver.execute(RemoteWebDriver.java:552)
at org.openqa.selenium.remote.RemoteWebDriver.findElement(RemoteWebDriver.java:323)
at org.openqa.selenium.remote.RemoteWebDriver.findElementByXPath(RemoteWebDriver.java:428)
at org.openqa.selenium.By$ByXPath.findElement(By.java:353)
at org.openqa.selenium.remote.RemoteWebDriver.findElement(RemoteWebDriver.java:315)
at org.openqa.selenium.support.ui.ExpectedConditions$7.apply(ExpectedConditions.java:205)
at org.openqa.selenium.support.ui.ExpectedConditions$7.apply(ExpectedConditions.java:201)
at org.openqa.selenium.support.ui.ExpectedConditions$22.apply(ExpectedConditions.java:641)
at org.openqa.selenium.support.ui.ExpectedConditions$22.apply(ExpectedConditions.java:638)
at org.openqa.selenium.support.ui.FluentWait.until(FluentWait.java:249)
... 32 more
]]>
    </error>
  </testcase> <!-- ValidAgreeTerms -->
  <system-out/>
  <testcase classname="core.Tests.IDPH.ApplyForProgram" name="VerifyMakePaymentFields" time="0.282">
    <failure message="expected [Note: An application is not considered submitted until payment is made. You may check the status of your License(s) by signing into the website at a Later Date and reviewing on the My Programs page. Application fees are non-refundable.] but found [An application is not considered submitted until payment is made. You may check the status of your License(s) by signing into the website at a Later Date and reviewing on the My Programs page. Application fees are non-refundable.]" type="java.lang.AssertionError">
      <![CDATA[java.lang.AssertionError: expected [Note: An application is not considered submitted until payment is made. You may check the status of your License(s) by signing into the website at a Later Date and reviewing on the My Programs page. Application fees are non-refundable.] but found [An application is not considered submitted until payment is made. You may check the status of your License(s) by signing into the website at a Later Date and reviewing on the My Programs page. Application fees are non-refundable.]
at org.testng.Assert.fail(Assert.java:99)
at org.testng.Assert.failNotEquals(Assert.java:1037)
at org.testng.Assert.assertEqualsImpl(Assert.java:140)
at org.testng.Assert.assertEquals(Assert.java:122)
at org.testng.Assert.assertEquals(Assert.java:629)
at org.testng.Assert.assertEquals(Assert.java:639)
at pages.ApplyProgramPage.AssertEquals_Payment(ApplyProgramPage.java:451)
at core.Tests.IDPH.ApplyForProgram.VerifyMakePaymentFields(ApplyForProgram.java:504)
at java.base/jdk.internal.reflect.NativeMethodAccessorImpl.invoke0(Native Method)
at java.base/jdk.internal.reflect.NativeMethodAccessorImpl.invoke(NativeMethodAccessorImpl.java:77)
at java.base/jdk.internal.reflect.DelegatingMethodAccessorImpl.invoke(DelegatingMethodAccessorImpl.java:43)
at java.base/java.lang.reflect.Method.invoke(Method.java:568)
at org.testng.internal.MethodInvocationHelper.invokeMethod(MethodInvocationHelper.java:133)
at org.testng.internal.TestInvoker.invokeMethod(TestInvoker.java:598)
at org.testng.internal.TestInvoker.invokeTestMethod(TestInvoker.java:173)
at org.testng.internal.MethodRunner.runInSequence(MethodRunner.java:46)
at org.testng.internal.TestInvoker$MethodInvocationAgent.invoke(TestInvoker.java:824)
at org.testng.internal.TestInvoker.invokeTestMethods(TestInvoker.java:146)
at org.testng.internal.TestMethodWorker.invokeTestMethods(TestMethodWorker.java:146)
at org.testng.internal.TestMethodWorker.run(TestMethodWorker.java:128)
at java.base/java.util.ArrayList.forEach(ArrayList.java:1511)
at org.testng.TestRunner.privateRun(TestRunner.java:794)
at org.testng.TestRunner.run(TestRunner.java:596)
at org.testng.SuiteRunner.runTest(SuiteRunner.java:377)
at org.testng.SuiteRunner.runSequentially(SuiteRunner.java:371)
at org.testng.SuiteRunner.privateRun(SuiteRunner.java:332)
at org.testng.SuiteRunner.run(SuiteRunner.java:276)
at org.testng.SuiteRunnerWorker.runSuite(SuiteRunnerWorker.java:53)
at org.testng.SuiteRunnerWorker.run(SuiteRunnerWorker.java:96)
at org.testng.TestNG.runSuitesSequentially(TestNG.java:1212)
at org.testng.TestNG.runSuitesLocally(TestNG.java:1134)
at org.testng.TestNG.runSuites(TestNG.java:1063)
at org.testng.TestNG.run(TestNG.java:1031)
at org.testng.remote.AbstractRemoteTestNG.run(AbstractRemoteTestNG.java:115)
at org.testng.remote.RemoteTestNG.initAndRun(RemoteTestNG.java:251)
at org.testng.remote.RemoteTestNG.main(RemoteTestNG.java:77)
]]>
    </failure>
  </testcase> <!-- VerifyMakePaymentFields -->
  <system-out/>
  <testcase classname="core.Tests.IDPH.ApplyForProgram" name="VerifyBackFlowPayment" time="0.683"/>
  <system-out/>
  <testcase classname="core.Tests.IDPH.ApplyForProgram" name="VerifyPayLaterButton" time="0.144">
    <error message="no such alert
  (Session info: chrome=105.0.5195.127)
Build info: version: &#039;3.141.59&#039;, revision: &#039;e82be7d358&#039;, time: &#039;2018-11-14T08:17:03&#039;
System info: host: &#039;LAPTOP-FA7T866P&#039;, ip: &#039;10.212.134.153&#039;, os.name: &#039;Windows 10&#039;, os.arch: &#039;amd64&#039;, os.version: &#039;10.0&#039;, java.version: &#039;17.0.1&#039;
Driver info: org.openqa.selenium.chrome.ChromeDriver
Capabilities {acceptInsecureCerts: false, browserName: chrome, browserVersion: 105.0.5195.127, chrome: {chromedriverVersion: 105.0.5195.19 (b9c217c128c1..., userDataDir: C:\Users\LAUNCH~1\AppData\L...}, goog:chromeOptions: {debuggerAddress: localhost:62733}, javascriptEnabled: true, networkConnectionEnabled: false, pageLoadStrategy: normal, platform: WINDOWS, platformName: WINDOWS, proxy: Proxy(), setWindowRect: true, strictFileInteractability: false, timeouts: {implicit: 0, pageLoad: 300000, script: 30000}, unhandledPromptBehavior: dismiss and notify, webauthn:extension:credBlob: true, webauthn:extension:largeBlob: true, webauthn:virtualAuthenticators: true}
Session ID: 60a87834fd83edb8cc76ddff08d16016" type="org.openqa.selenium.NoAlertPresentException">
      <![CDATA[org.openqa.selenium.NoAlertPresentException: no such alert
  (Session info: chrome=105.0.5195.127)
Build info: version: '3.141.59', revision: 'e82be7d358', time: '2018-11-14T08:17:03'
System info: host: 'LAPTOP-FA7T866P', ip: '10.212.134.153', os.name: 'Windows 10', os.arch: 'amd64', os.version: '10.0', java.version: '17.0.1'
Driver info: org.openqa.selenium.chrome.ChromeDriver
Capabilities {acceptInsecureCerts: false, browserName: chrome, browserVersion: 105.0.5195.127, chrome: {chromedriverVersion: 105.0.5195.19 (b9c217c128c1..., userDataDir: C:\Users\LAUNCH~1\AppData\L...}, goog:chromeOptions: {debuggerAddress: localhost:62733}, javascriptEnabled: true, networkConnectionEnabled: false, pageLoadStrategy: normal, platform: WINDOWS, platformName: WINDOWS, proxy: Proxy(), setWindowRect: true, strictFileInteractability: false, timeouts: {implicit: 0, pageLoad: 300000, script: 30000}, unhandledPromptBehavior: dismiss and notify, webauthn:extension:credBlob: true, webauthn:extension:largeBlob: true, webauthn:virtualAuthenticators: true}
Session ID: 60a87834fd83edb8cc76ddff08d16016
at java.base/jdk.internal.reflect.NativeConstructorAccessorImpl.newInstance0(Native Method)
at java.base/jdk.internal.reflect.NativeConstructorAccessorImpl.newInstance(NativeConstructorAccessorImpl.java:77)
at java.base/jdk.internal.reflect.DelegatingConstructorAccessorImpl.newInstance(DelegatingConstructorAccessorImpl.java:45)
at java.base/java.lang.reflect.Constructor.newInstanceWithCaller(Constructor.java:499)
at java.base/java.lang.reflect.Constructor.newInstance(Constructor.java:480)
at org.openqa.selenium.remote.http.W3CHttpResponseCodec.createException(W3CHttpResponseCodec.java:187)
at org.openqa.selenium.remote.http.W3CHttpResponseCodec.decode(W3CHttpResponseCodec.java:122)
at org.openqa.selenium.remote.http.W3CHttpResponseCodec.decode(W3CHttpResponseCodec.java:49)
at org.openqa.selenium.remote.HttpCommandExecutor.execute(HttpCommandExecutor.java:158)
at org.openqa.selenium.remote.service.DriverCommandExecutor.execute(DriverCommandExecutor.java:83)
at org.openqa.selenium.remote.RemoteWebDriver.execute(RemoteWebDriver.java:552)
at org.openqa.selenium.remote.RemoteWebDriver.execute(RemoteWebDriver.java:609)
at org.openqa.selenium.remote.RemoteWebDriver$RemoteTargetLocator.alert(RemoteWebDriver.java:932)
at pages.BasePage.AlertAccept(BasePage.java:139)
at pages.ApplyProgramPage.Alert_Accept(ApplyProgramPage.java:498)
at core.Tests.IDPH.ApplyForProgram.VerifyPayLaterButton(ApplyForProgram.java:525)
at java.base/jdk.internal.reflect.NativeMethodAccessorImpl.invoke0(Native Method)
at java.base/jdk.internal.reflect.NativeMethodAccessorImpl.invoke(NativeMethodAccessorImpl.java:77)
at java.base/jdk.internal.reflect.DelegatingMethodAccessorImpl.invoke(DelegatingMethodAccessorImpl.java:43)
at java.base/java.lang.reflect.Method.invoke(Method.java:568)
at org.testng.internal.MethodInvocationHelper.invokeMethod(MethodInvocationHelper.java:133)
at org.testng.internal.TestInvoker.invokeMethod(TestInvoker.java:598)
at org.testng.internal.TestInvoker.invokeTestMethod(TestInvoker.java:173)
at org.testng.internal.MethodRunner.runInSequence(MethodRunner.java:46)
at org.testng.internal.TestInvoker$MethodInvocationAgent.invoke(TestInvoker.java:824)
at org.testng.internal.TestInvoker.invokeTestMethods(TestInvoker.java:146)
at org.testng.internal.TestMethodWorker.invokeTestMethods(TestMethodWorker.java:146)
at org.testng.internal.TestMethodWorker.run(TestMethodWorker.java:128)
at java.base/java.util.ArrayList.forEach(ArrayList.java:1511)
at org.testng.TestRunner.privateRun(TestRunner.java:794)
at org.testng.TestRunner.run(TestRunner.java:596)
at org.testng.SuiteRunner.runTest(SuiteRunner.java:377)
at org.testng.SuiteRunner.runSequentially(SuiteRunner.java:371)
at org.testng.SuiteRunner.privateRun(SuiteRunner.java:332)
at org.testng.SuiteRunner.run(SuiteRunner.java:276)
at org.testng.SuiteRunnerWorker.runSuite(SuiteRunnerWorker.java:53)
at org.testng.SuiteRunnerWorker.run(SuiteRunnerWorker.java:96)
at org.testng.TestNG.runSuitesSequentially(TestNG.java:1212)
at org.testng.TestNG.runSuitesLocally(TestNG.java:1134)
at org.testng.TestNG.runSuites(TestNG.java:1063)
at org.testng.TestNG.run(TestNG.java:1031)
at org.testng.remote.AbstractRemoteTestNG.run(AbstractRemoteTestNG.java:115)
at org.testng.remote.RemoteTestNG.initAndRun(RemoteTestNG.java:251)
at org.testng.remote.RemoteTestNG.main(RemoteTestNG.java:77)
]]>
    </error>
  </testcase> <!-- VerifyPayLaterButton -->
  <system-out/>
  <testcase classname="core.Tests.IDPH.ApplyForProgram" name="VerifyPayLaterOption" time="0.172">
    <failure message="expected [Check] but found [Make Payment]" type="java.lang.AssertionError">
      <![CDATA[java.lang.AssertionError: expected [Check] but found [Make Payment]
at org.testng.Assert.fail(Assert.java:99)
at org.testng.Assert.failNotEquals(Assert.java:1037)
at org.testng.Assert.assertEqualsImpl(Assert.java:140)
at org.testng.Assert.assertEquals(Assert.java:122)
at org.testng.Assert.assertEquals(Assert.java:629)
at org.testng.Assert.assertEquals(Assert.java:639)
at pages.ApplyProgramPage.Assert_PaymentLater(ApplyProgramPage.java:507)
at core.Tests.IDPH.ApplyForProgram.VerifyPayLaterOption(ApplyForProgram.java:536)
at java.base/jdk.internal.reflect.NativeMethodAccessorImpl.invoke0(Native Method)
at java.base/jdk.internal.reflect.NativeMethodAccessorImpl.invoke(NativeMethodAccessorImpl.java:77)
at java.base/jdk.internal.reflect.DelegatingMethodAccessorImpl.invoke(DelegatingMethodAccessorImpl.java:43)
at java.base/java.lang.reflect.Method.invoke(Method.java:568)
at org.testng.internal.MethodInvocationHelper.invokeMethod(MethodInvocationHelper.java:133)
at org.testng.internal.TestInvoker.invokeMethod(TestInvoker.java:598)
at org.testng.internal.TestInvoker.invokeTestMethod(TestInvoker.java:173)
at org.testng.internal.MethodRunner.runInSequence(MethodRunner.java:46)
at org.testng.internal.TestInvoker$MethodInvocationAgent.invoke(TestInvoker.java:824)
at org.testng.internal.TestInvoker.invokeTestMethods(TestInvoker.java:146)
at org.testng.internal.TestMethodWorker.invokeTestMethods(TestMethodWorker.java:146)
at org.testng.internal.TestMethodWorker.run(TestMethodWorker.java:128)
at java.base/java.util.ArrayList.forEach(ArrayList.java:1511)
at org.testng.TestRunner.privateRun(TestRunner.java:794)
at org.testng.TestRunner.run(TestRunner.java:596)
at org.testng.SuiteRunner.runTest(SuiteRunner.java:377)
at org.testng.SuiteRunner.runSequentially(SuiteRunner.java:371)
at org.testng.SuiteRunner.privateRun(SuiteRunner.java:332)
at org.testng.SuiteRunner.run(SuiteRunner.java:276)
at org.testng.SuiteRunnerWorker.runSuite(SuiteRunnerWorker.java:53)
at org.testng.SuiteRunnerWorker.run(SuiteRunnerWorker.java:96)
at org.testng.TestNG.runSuitesSequentially(TestNG.java:1212)
at org.testng.TestNG.runSuitesLocally(TestNG.java:1134)
at org.testng.TestNG.runSuites(TestNG.java:1063)
at org.testng.TestNG.run(TestNG.java:1031)
at org.testng.remote.AbstractRemoteTestNG.run(AbstractRemoteTestNG.java:115)
at org.testng.remote.RemoteTestNG.initAndRun(RemoteTestNG.java:251)
at org.testng.remote.RemoteTestNG.main(RemoteTestNG.java:77)
]]>
    </failure>
  </testcase> <!-- VerifyPayLaterOption -->
  <system-out/>
  <testcase classname="core.Tests.IDPH.ApplyForProgram" name="VerifyPlumbingTemporaryLicenseProgramDetailsDropdownValues">
    <skipped/>
  </testcase> <!-- VerifyPlumbingTemporaryLicenseProgramDetailsDropdownValues -->
  <system-out/>
  <testcase classname="core.Tests.IDPH.ApplyForProgram" name="VerifyIndustrialProgramDetailsDropdownValues">
    <skipped/>
  </testcase> <!-- VerifyIndustrialProgramDetailsDropdownValues -->
  <system-out/>
  <testcase classname="core.Tests.IDPH.ApplyForProgram" name="VerifyRadonIndividualProgramDetailsDropdownValues">
    <skipped/>
  </testcase> <!-- VerifyRadonIndividualProgramDetailsDropdownValues -->
  <system-out/>
  <testcase classname="core.Tests.IDPH.ApplyForProgram" name="VerifyMedicalPhysicistProgramDetailsDropdownValues">
    <skipped/>
  </testcase> <!-- VerifyMedicalPhysicistProgramDetailsDropdownValues -->
  <system-out/>
  <testcase classname="core.Tests.IDPH.ApplyForProgram" name="VerifyPlumbingandMechanicalSystemsProgramDetailsDropdownValues">
    <skipped/>
  </testcase> <!-- VerifyPlumbingandMechanicalSystemsProgramDetailsDropdownValues -->
  <system-out/>
  <testcase classname="core.Tests.IDPH.ApplyForProgram" name="VerifyEMSProgram_ProgramDetailProgramDetailsDropdownValues">
    <skipped/>
  </testcase> <!-- VerifyEMSProgram_ProgramDetailProgramDetailsDropdownValues -->
  <system-out/>
  <testcase classname="core.Tests.IDPH.ApplyForProgram" name="ApplyforProgramDuplicate">
    <skipped/>
  </testcase> <!-- ApplyforProgramDuplicate -->
  <system-out/>
  <testcase classname="core.Tests.IDPH.ApplyForProgram" name="VerifyLeadProfessionalsProgramDetailsDropdownValues">
    <skipped/>
  </testcase> <!-- VerifyLeadProfessionalsProgramDetailsDropdownValues -->
  <system-out/>
  <testcase classname="core.Tests.IDPH.ApplyForProgram" name="VerifyTattooArtistProgramDetailsDropdownValues">
    <skipped/>
  </testcase> <!-- VerifyTattooArtistProgramDetailsDropdownValues -->
  <system-out/>
  <testcase classname="core.Tests.IDPH.ApplyForProgram" name="VerifyPermitToPracticeProgramDetailsDropdownValues">
    <skipped/>
  </testcase> <!-- VerifyPermitToPracticeProgramDetailsDropdownValues -->
  <system-out/>
</testsuite> <!-- core.Tests.IDPH.ApplyForProgram -->
